mode: set
github.com/ManuRodriguezC/awesome-api/main.go:13.13,15.43 2 0
github.com/ManuRodriguezC/awesome-api/main.go:18.2,21.57 2 0
github.com/ManuRodriguezC/awesome-api/main.go:15.43,17.3 1 0
github.com/ManuRodriguezC/awesome-api/main.go:24.32,32.2 3 0
github.com/ManuRodriguezC/awesome-api/main.go:34.65,42.2 2 0
github.com/ManuRodriguezC/awesome-api/main.go:44.59,52.25 4 1
github.com/ManuRodriguezC/awesome-api/main.go:65.2,65.16 1 1
github.com/ManuRodriguezC/awesome-api/main.go:70.2,73.56 2 1
github.com/ManuRodriguezC/awesome-api/main.go:53.9,55.12 1 1
github.com/ManuRodriguezC/awesome-api/main.go:56.9,58.23 1 1
github.com/ManuRodriguezC/awesome-api/main.go:59.10,61.39 1 1
github.com/ManuRodriguezC/awesome-api/main.go:65.16,67.3 1 1
