mode: set
github.com/ManuRodriguezC/awesome-api/main.go:13.13,15.43 2 0
github.com/ManuRodriguezC/awesome-api/main.go:18.2,21.57 2 0
github.com/ManuRodriguezC/awesome-api/main.go:15.43,17.3 1 0
github.com/ManuRodriguezC/awesome-api/main.go:24.32,38.2 5 0
github.com/ManuRodriguezC/awesome-api/main.go:40.65,48.2 2 0
github.com/ManuRodriguezC/awesome-api/main.go:50.59,58.25 4 1
github.com/ManuRodriguezC/awesome-api/main.go:71.2,71.16 1 1
github.com/ManuRodriguezC/awesome-api/main.go:76.2,79.56 2 1
github.com/ManuRodriguezC/awesome-api/main.go:59.9,61.12 1 1
github.com/ManuRodriguezC/awesome-api/main.go:62.9,64.23 1 1
github.com/ManuRodriguezC/awesome-api/main.go:65.10,67.39 1 1
github.com/ManuRodriguezC/awesome-api/main.go:71.16,73.3 1 1
